Arguments: 
  /usr/local/Cellar/node@8/8.12.0/bin/node /usr/local/Cellar/yarn/1.12.1/libexec/bin/yarn.js install

PATH: 
  /usr/local/opt/mysql@5.7/bin:/usr/local/opt/node@8/bin:/usr/local/bin:/usr/bin:/bin:/usr/sbin:/sbin:/applications/Visual Studio Code.app/Contents/Resources/app/bin

Yarn version: 
  1.12.1

Node version: 
  8.12.0

Platform: 
  darwin x64

Trace: 
  Error: https://registry.yarnpkg.com/babel-runtime: tunneling socket could not be established, cause=connect ECONNREFUSED 127.0.0.1:8080
      at ClientRequest.onError (/usr/local/Cellar/yarn/1.12.1/libexec/lib/cli.js:137009:17)
      at Object.onceWrapper (events.js:315:30)
      at emitOne (events.js:116:13)
      at ClientRequest.emit (events.js:211:7)
      at TLSSocket.socketErrorListener (_http_client.js:387:9)
      at emitOne (events.js:116:13)
      at TLSSocket.emit (events.js:211:7)
      at emitErrorNT (internal/streams/destroy.js:66:8)
      at _combinedTickCallback (internal/process/next_tick.js:139:11)
      at process._tickCallback (internal/process/next_tick.js:181:9)

npm manifest: 
  {
    "name": "client",
    "version": "0.0.1",
    "private": true,
    "dependencies": {
      "babel-runtime": "^6.26.0",
      "core-js": "^2.5.7",
      "fuzzysort": "^1.1.4",
      "mgrs": "^1.0.0",
      "mobx": "^5.1.0",
      "mobx-react": "^5.2.6",
      "moment-timezone": "^0.5.21",
      "react-router": "^4.3.1",
      "react-router-dom": "^4.3.1",
      "react-scripts-ts": "^2.17.0",
      "styled-components": "^4.0.3",
      "url-join": "^4.0.0"
    },
    "scripts": {
      "build": "react-scripts-ts build && rm -rf ../src/main/resources/static && cp -r build ../src/main/resources/static ",
      "lint": "tslint -c tslint.json 'src/**/*.{ts,tsx}'",
      "start": "yarn lint --fix && react-scripts-ts start",
      "test": "react-scripts-ts test --env=jsdom"
    },
    "devDependencies": {
      "@types/classnames": "^2.2.6",
      "@types/enzyme": "^3.1.13",
      "@types/enzyme-adapter-react-16": "^1.0.3",
      "@types/jest": "^23.3.1",
      "@types/node": "10.9.4",
      "@types/react": "^16.4.13",
      "@types/react-dom": "^16.0.7",
      "@types/react-router": "^4.0.30",
      "@types/react-router-dom": "^4.3.0",
      "@types/moment-timezone": "^0.5.8",
      "@types/styled-components": "^4.0.3",
      "@types/url-join": "^0.8.2",
      "awesome-typescript-loader": "^5.2.0",
      "babel-core": "^6.26.3",
      "classnames": "^2.2.6",
      "enzyme": "^3.5.1",
      "enzyme-adapter-react-16": "^1.4.0",
      "react": "^16.4.2",
      "react-dom": "^16.4.2",
      "typescript": "^2.9.2"
    },
    "proxy": "https://localhost:8080"
  }

yarn manifest: 
  No manifest

Lockfile: 
  No lockfile
